Vivado Simulator 2016.4
Copyright 1986-1999, 2001-2016 Xilinx, Inc. All Rights Reserved.
Running: /opt/Xilinx/Vivado/2016.4/bin/unwrapped/lnx64.o/xelab -wto ee9b767b141347a8b75253e438d97bc7 --debug typical --relax --mt 8 -L xil_defaultlib -L unisims_ver -L secureip --snapshot project_tb_func_synth xil_defaultlib.project_tb xil_defaultlib.glbl -log elaborate.log 
Using 8 slave threads.
Starting static elaboration
Completed static elaboration
Starting simulation data flow analysis
Completed simulation data flow analysis
Time Resolution for simulation is 1ps
Compiling package std.standard
Compiling package std.textio
Compiling package ieee.std_logic_1164
Compiling package ieee.numeric_std
Compiling package ieee.std_logic_arith
Compiling package ieee.std_logic_unsigned
Compiling package vl.vl_types
Compiling module xil_defaultlib.glbl
Compiling module unisims_ver.LUT5
Compiling module unisims_ver.sffsrce_fdre
Compiling module unisims_ver.FDRE
Compiling module unisims_ver.x_lut2_mux4
Compiling module unisims_ver.LUT2
Compiling module unisims_ver.x_lut1_mux2
Compiling module unisims_ver.LUT1
Compiling module unisims_ver.LUT4
Compiling module unisims_ver.ffsrce_fdce
Compiling module unisims_ver.FDCE
Compiling module unisims_ver.CARRY4
Compiling module unisims_ver.BUFG
Compiling module unisims_ver.IBUF
Compiling module unisims_ver.OBUF
Compiling module unisims_ver.LUT6
Compiling module unisims_ver.x_lut3_mux4
Compiling module unisims_ver.LUT3
Compiling module xil_defaultlib.project_reti_logiche
Compiling architecture projecttb of entity xil_defaultlib.project_tb
Built simulation snapshot project_tb_func_synth
